<?xml version="1.0" encoding="utf-8"?>
<TestRun id="15fc876d-0019-4616-94c1-1e6b62a31321" name="@db71298c03d4 2026-08-19 00:12:12" xmlns="http://microsoft.com/schemas/VisualStudio/TeamTest/2010">
  <Times creation="2026-08-19T00:12:12.6185246+00:00" queuing="2026-08-19T00:12:12.6185247+00:00" start="2026-08-19T00:12:11.9494356+00:00" finish="2026-08-19T00:12:12.6626956+00:00" />
  <TestSettings name="default" id="b8dfdb60-8f2a-4f12-b76e-7870a81fdb58">
    <Deployment runDeploymentRoot="_db71298c03d4_2026-08-19_00_12_12" />
  </TestSettings>
  <Results>
    <UnitTestResult executionId="e54c53d0-d149-48a0-865b-ce240caa6f75" testId="d3711f7e-dcc9-cc2a-3ae6-581d3b3acb8c" testName="TransportERP.Tests.P1InMemoryBaselineBehaviorTests.Posted_journal_is_immutable_until_reversal" computerName="db71298c03d4" duration="00:00:00.0112929" startTime="2026-08-19T00:12:12.5487155+00:00" endTime="2026-08-19T00:12:12.5511642+00:00" testType="13cdc9d9-ddb5-4fa4-a97d-d965ccfc6d4b" outcome="Passed" testListId="8c84fa94-04c1-424b-9868-57a2d4851a1d" relativeResultsDirectory="e54c53d0-d149-48a0-865b-ce240caa6f75" />
    <UnitTestResult executionId="aec31187-2d69-4a21-b961-269ecf8287a8" testId="86ac1ac0-2ac8-9a37-f0d9-d31178c91182" testName="TransportERP.Tests.P1ContractConformanceTests.W3_screens_have_contract_links_and_visual_assets" computerName="db71298c03d4" duration="00:00:00.0015251" startTime="2026-08-19T00:12:12.5503367+00:00" endTime="2026-08-19T00:12:12.5518067+00:00" testType="13cdc9d9-ddb5-4fa4-a97d-d965ccfc6d4b" outcome="Passed" testListId="8c84fa94-04c1-424b-9868-57a2d4851a1d" relativeResultsDirectory="aec31187-2d69-4a21-b961-269ecf8287a8" />
    <UnitTestResult executionId="f520ec8d-ebe1-4ab0-88d2-2be6507ff58a" testId="261ee141-5a92-565f-b9a4-93b864829f87" testName="TransportERP.Tests.P1InMemoryBaselineBehaviorTests.Voucher_rejects_non_positive_amount_and_duplicate_reference" computerName="db71298c03d4" duration="00:00:00.0026580" startTime="2026-08-19T00:12:12.5485480+00:00" endTime="2026-08-19T00:12:12.5485947+00:00" testType="13cdc9d9-ddb5-4fa4-a97d-d965ccfc6d4b" outcome="Passed" testListId="8c84fa94-04c1-424b-9868-57a2d4851a1d" relativeResultsDirectory="f520ec8d-ebe1-4ab0-88d2-2be6507ff58a" />
    <UnitTestResult executionId="f062a002-f20b-452a-aa28-28c45a7854ea" testId="05719f85-2cb7-0208-b098-58caf08a8600" testName="TransportERP.Tests.P1ContractConformanceTests.W2_actions_have_routes_state_and_offline_policy" computerName="db71298c03d4" duration="00:00:00.0089130" startTime="2026-08-19T00:12:12.5474265+00:00" endTime="2026-08-19T00:12:12.5487620+00:00" testType="13cdc9d9-ddb5-4fa4-a97d-d965ccfc6d4b" outcome="Passed" testListId="8c84fa94-04c1-424b-9868-57a2d4851a1d" relativeResultsDirectory="f062a002-f20b-452a-aa28-28c45a7854ea" />
    <UnitTestResult executionId="5478cf87-cad7-47f9-a368-ad98f891daa5" testId="f1de8439-b20b-47da-e677-130a7cfb84b1" testName="TransportERP.Tests.P1ContractConformanceTests.Acceptance_register_contains_all_203_specified_cases" computerName="db71298c03d4" duration="00:00:00.0056777" startTime="2026-08-19T00:12:12.5488672+00:00" endTime="2026-08-19T00:12:12.5490047+00:00" testType="13cdc9d9-ddb5-4fa4-a97d-d965ccfc6d4b" outcome="Passed" testListId="8c84fa94-04c1-424b-9868-57a2d4851a1d" relativeResultsDirectory="5478cf87-cad7-47f9-a368-ad98f891daa5" />
    <UnitTestResult executionId="d7c94401-5d3a-4238-80f8-fe84223a719b" testId="e64c4ce1-9ef5-4f80-5276-f9f95604a732" testName="TransportERP.Tests.P1InMemoryBaselineBehaviorTests.Journal_requires_balanced_lines_and_postable_accounts" computerName="db71298c03d4" duration="00:00:00.0007157" startTime="2026-08-19T00:12:12.5872389+00:00" endTime="2026-08-19T00:12:12.5872953+00:00" testType="13cdc9d9-ddb5-4fa4-a97d-d965ccfc6d4b" outcome="Passed" testListId="8c84fa94-04c1-424b-9868-57a2d4851a1d" relativeResultsDirectory="d7c94401-5d3a-4238-80f8-fe84223a719b" />
    <UnitTestResult executionId="596a8e07-16dc-449b-bd98-27f7352c7512" testId="6fe71e73-c831-578f-49e1-88ec320f8689" testName="TransportERP.Tests.P1ContractConformanceTests.Sync_contract_has_required_conflict_and_retry_controls" computerName="db71298c03d4" duration="00:00:00.0042426" startTime="2026-08-19T00:12:12.5189649+00:00" endTime="2026-08-19T00:12:12.5330579+00:00" testType="13cdc9d9-ddb5-4fa4-a97d-d965ccfc6d4b" outcome="Passed" testListId="8c84fa94-04c1-424b-9868-57a2d4851a1d" relativeResultsDirectory="596a8e07-16dc-449b-bd98-27f7352c7512" />
    <UnitTestResult executionId="8fb0008f-fbdc-4702-b233-fa76bfa1dffb" testId="8e6f52ee-0420-706b-0ec2-b7f1a2a05431" testName="TransportERP.Tests.P1InMemoryBaselineBehaviorTests.Sync_accepts_first_operation_repeats_same_hash_and_flags_conflict" computerName="db71298c03d4" duration="00:00:00.0014456" startTime="2026-08-19T00:12:12.5875550+00:00" endTime="2026-08-19T00:12:12.5876593+00:00" testType="13cdc9d9-ddb5-4fa4-a97d-d965ccfc6d4b" outcome="Passed" testListId="8c84fa94-04c1-424b-9868-57a2d4851a1d" relativeResultsDirectory="8fb0008f-fbdc-4702-b233-fa76bfa1dffb" />
    <UnitTestResult executionId="4548c5ff-d566-4a6e-8924-7daf3c3bbc99" testId="4fd60a14-1d69-325b-57bc-baff3d0a02a7" testName="TransportERP.Tests.P1ContractConformanceTests.W1_contracts_have_required_data_and_scope_fields" computerName="db71298c03d4" duration="00:00:00.0032390" startTime="2026-08-19T00:12:12.5867511+00:00" endTime="2026-08-19T00:12:12.5875971+00:00" testType="13cdc9d9-ddb5-4fa4-a97d-d965ccfc6d4b" outcome="Passed" testListId="8c84fa94-04c1-424b-9868-57a2d4851a1d" relativeResultsDirectory="4548c5ff-d566-4a6e-8924-7daf3c3bbc99" />
    <UnitTestResult executionId="88852eef-02fa-4cd1-88cf-61d8db518cae" testId="f0f0fe3b-3372-c2fa-8f1d-9b7b551104b8" testName="TransportERP.Tests.P1InMemoryBaselineBehaviorTests.Authenticate_creates_scoped_session_and_audit_event" computerName="db71298c03d4" duration="00:00:00.0011757" startTime="2026-08-19T00:12:12.5874201+00:00" endTime="2026-08-19T00:12:12.5874626+00:00" testType="13cdc9d9-ddb5-4fa4-a97d-d965ccfc6d4b" outcome="Passed" testListId="8c84fa94-04c1-424b-9868-57a2d4851a1d" relativeResultsDirectory="88852eef-02fa-4cd1-88cf-61d8db518cae" />
    <UnitTestResult executionId="7e44967f-abab-4a29-800c-d2a1945e2699" testId="3d56c7ea-536f-4dbd-7333-4cdd85bce3fb" testName="TransportERP.Tests.P1InMemoryBaselineBehaviorTests.Closing_period_with_draft_journal_is_blocked" computerName="db71298c03d4" duration="00:00:00.0009769" startTime="2026-08-19T00:12:12.5513704+00:00" endTime="2026-08-19T00:12:12.5868297+00:00" testType="13cdc9d9-ddb5-4fa4-a97d-d965ccfc6d4b" outcome="Passed" testListId="8c84fa94-04c1-424b-9868-57a2d4851a1d" relativeResultsDirectory="7e44967f-abab-4a29-800c-d2a1945e2699" />
    <UnitTestResult executionId="dca0efe1-7546-48e9-a910-8f850a2e7191" testId="792590b0-6a41-bbbf-4f86-b8e5a7354a0f" testName="TransportERP.Tests.P1ContractConformanceTests.P1_contracts_do_not_claim_provider_specific_schema_or_migrations" computerName="db71298c03d4" duration="00:00:00.0023535" startTime="2026-08-19T00:12:12.5491115+00:00" endTime="2026-08-19T00:12:12.5501927+00:00" testType="13cdc9d9-ddb5-4fa4-a97d-d965ccfc6d4b" outcome="Passed" testListId="8c84fa94-04c1-424b-9868-57a2d4851a1d" relativeResultsDirectory="dca0efe1-7546-48e9-a910-8f850a2e7191" />
    <UnitTestResult executionId="144d65fa-f555-4e9b-8595-cac956e3adff" testId="fc77d43b-3d29-4769-3e9f-8fd76c907f40" testName="TransportERP.Tests.P1InMemoryBaselineBehaviorTests.Journal_client_operation_is_idempotent" computerName="db71298c03d4" duration="00:00:00.0115991" startTime="2026-08-19T00:12:12.5205607+00:00" endTime="2026-08-19T00:12:12.5475763+00:00" testType="13cdc9d9-ddb5-4fa4-a97d-d965ccfc6d4b" outcome="Passed" testListId="8c84fa94-04c1-424b-9868-57a2d4851a1d" relativeResultsDirectory="144d65fa-f555-4e9b-8595-cac956e3adff" />
  </Results>
  <TestDefinitions>
    <UnitTest name="TransportERP.Tests.P1ContractConformanceTests.W2_actions_have_routes_state_and_offline_policy" storage="/home/ubuntu/repo_review/transporterp/transporterp.tests/bin/release/net10.0/transporterp.tests.dll" id="05719f85-2cb7-0208-b098-58caf08a8600">
      <Execution id="f062a002-f20b-452a-aa28-28c45a7854ea" />
      <TestMethod codeBase="/home/ubuntu/repo_review/TransportERP/TransportERP.Tests/bin/Release/net10.0/TransportERP.Tests.dll" adapterTypeName="executor://xunit/VsTestRunner3/netcore/" className="TransportERP.Tests.P1ContractConformanceTests" name="W2_actions_have_routes_state_and_offline_policy" />
    </UnitTest>
    <UnitTest name="TransportERP.Tests.P1ContractConformanceTests.W3_screens_have_contract_links_and_visual_assets" storage="/home/ubuntu/repo_review/transporterp/transporterp.tests/bin/release/net10.0/transporterp.tests.dll" id="86ac1ac0-2ac8-9a37-f0d9-d31178c91182">
      <Execution id="aec31187-2d69-4a21-b961-269ecf8287a8" />
      <TestMethod codeBase="/home/ubuntu/repo_review/TransportERP/TransportERP.Tests/bin/Release/net10.0/TransportERP.Tests.dll" adapterTypeName="executor://xunit/VsTestRunner3/netcore/" className="TransportERP.Tests.P1ContractConformanceTests" name="W3_screens_have_contract_links_and_visual_assets" />
    </UnitTest>
    <UnitTest name="TransportERP.Tests.P1InMemoryBaselineBehaviorTests.Sync_accepts_first_operation_repeats_same_hash_and_flags_conflict" storage="/home/ubuntu/repo_review/transporterp/transporterp.tests/bin/release/net10.0/transporterp.tests.dll" id="8e6f52ee-0420-706b-0ec2-b7f1a2a05431">
      <Execution id="8fb0008f-fbdc-4702-b233-fa76bfa1dffb" />
      <TestMethod codeBase="/home/ubuntu/repo_review/TransportERP/TransportERP.Tests/bin/Release/net10.0/TransportERP.Tests.dll" adapterTypeName="executor://xunit/VsTestRunner3/netcore/" className="TransportERP.Tests.P1InMemoryBaselineBehaviorTests" name="Sync_accepts_first_operation_repeats_same_hash_and_flags_conflict" />
    </UnitTest>
    <UnitTest name="TransportERP.Tests.P1InMemoryBaselineBehaviorTests.Posted_journal_is_immutable_until_reversal" storage="/home/ubuntu/repo_review/transporterp/transporterp.tests/bin/release/net10.0/transporterp.tests.dll" id="d3711f7e-dcc9-cc2a-3ae6-581d3b3acb8c">
      <Execution id="e54c53d0-d149-48a0-865b-ce240caa6f75" />
      <TestMethod codeBase="/home/ubuntu/repo_review/TransportERP/TransportERP.Tests/bin/Release/net10.0/TransportERP.Tests.dll" adapterTypeName="executor://xunit/VsTestRunner3/netcore/" className="TransportERP.Tests.P1InMemoryBaselineBehaviorTests" name="Posted_journal_is_immutable_until_reversal" />
    </UnitTest>
    <UnitTest name="TransportERP.Tests.P1ContractConformanceTests.W1_contracts_have_required_data_and_scope_fields" storage="/home/ubuntu/repo_review/transporterp/transporterp.tests/bin/release/net10.0/transporterp.tests.dll" id="4fd60a14-1d69-325b-57bc-baff3d0a02a7">
      <Execution id="4548c5ff-d566-4a6e-8924-7daf3c3bbc99" />
      <TestMethod codeBase="/home/ubuntu/repo_review/TransportERP/TransportERP.Tests/bin/Release/net10.0/TransportERP.Tests.dll" adapterTypeName="executor://xunit/VsTestRunner3/netcore/" className="TransportERP.Tests.P1ContractConformanceTests" name="W1_contracts_have_required_data_and_scope_fields" />
    </UnitTest>
    <UnitTest name="TransportERP.Tests.P1InMemoryBaselineBehaviorTests.Journal_requires_balanced_lines_and_postable_accounts" storage="/home/ubuntu/repo_review/transporterp/transporterp.tests/bin/release/net10.0/transporterp.tests.dll" id="e64c4ce1-9ef5-4f80-5276-f9f95604a732">
      <Execution id="d7c94401-5d3a-4238-80f8-fe84223a719b" />
      <TestMethod codeBase="/home/ubuntu/repo_review/TransportERP/TransportERP.Tests/bin/Release/net10.0/TransportERP.Tests.dll" adapterTypeName="executor://xunit/VsTestRunner3/netcore/" className="TransportERP.Tests.P1InMemoryBaselineBehaviorTests" name="Journal_requires_balanced_lines_and_postable_accounts" />
    </UnitTest>
    <UnitTest name="TransportERP.Tests.P1InMemoryBaselineBehaviorTests.Authenticate_creates_scoped_session_and_audit_event" storage="/home/ubuntu/repo_review/transporterp/transporterp.tests/bin/release/net10.0/transporterp.tests.dll" id="f0f0fe3b-3372-c2fa-8f1d-9b7b551104b8">
      <Execution id="88852eef-02fa-4cd1-88cf-61d8db518cae" />
      <TestMethod codeBase="/home/ubuntu/repo_review/TransportERP/TransportERP.Tests/bin/Release/net10.0/TransportERP.Tests.dll" adapterTypeName="executor://xunit/VsTestRunner3/netcore/" className="TransportERP.Tests.P1InMemoryBaselineBehaviorTests" name="Authenticate_creates_scoped_session_and_audit_event" />
    </UnitTest>
    <UnitTest name="TransportERP.Tests.P1InMemoryBaselineBehaviorTests.Closing_period_with_draft_journal_is_blocked" storage="/home/ubuntu/repo_review/transporterp/transporterp.tests/bin/release/net10.0/transporterp.tests.dll" id="3d56c7ea-536f-4dbd-7333-4cdd85bce3fb">
      <Execution id="7e44967f-abab-4a29-800c-d2a1945e2699" />
      <TestMethod codeBase="/home/ubuntu/repo_review/TransportERP/TransportERP.Tests/bin/Release/net10.0/TransportERP.Tests.dll" adapterTypeName="executor://xunit/VsTestRunner3/netcore/" className="TransportERP.Tests.P1InMemoryBaselineBehaviorTests" name="Closing_period_with_draft_journal_is_blocked" />
    </UnitTest>
    <UnitTest name="TransportERP.Tests.P1ContractConformanceTests.Acceptance_register_contains_all_203_specified_cases" storage="/home/ubuntu/repo_review/transporterp/transporterp.tests/bin/release/net10.0/transporterp.tests.dll" id="f1de8439-b20b-47da-e677-130a7cfb84b1">
      <Execution id="5478cf87-cad7-47f9-a368-ad98f891daa5" />
      <TestMethod codeBase="/home/ubuntu/repo_review/TransportERP/TransportERP.Tests/bin/Release/net10.0/TransportERP.Tests.dll" adapterTypeName="executor://xunit/VsTestRunner3/netcore/" className="TransportERP.Tests.P1ContractConformanceTests" name="Acceptance_register_contains_all_203_specified_cases" />
    </UnitTest>
    <UnitTest name="TransportERP.Tests.P1InMemoryBaselineBehaviorTests.Voucher_rejects_non_positive_amount_and_duplicate_reference" storage="/home/ubuntu/repo_review/transporterp/transporterp.tests/bin/release/net10.0/transporterp.tests.dll" id="261ee141-5a92-565f-b9a4-93b864829f87">
      <Execution id="f520ec8d-ebe1-4ab0-88d2-2be6507ff58a" />
      <TestMethod codeBase="/home/ubuntu/repo_review/TransportERP/TransportERP.Tests/bin/Release/net10.0/TransportERP.Tests.dll" adapterTypeName="executor://xunit/VsTestRunner3/netcore/" className="TransportERP.Tests.P1InMemoryBaselineBehaviorTests" name="Voucher_rejects_non_positive_amount_and_duplicate_reference" />
    </UnitTest>
    <UnitTest name="TransportERP.Tests.P1ContractConformanceTests.P1_contracts_do_not_claim_provider_specific_schema_or_migrations" storage="/home/ubuntu/repo_review/transporterp/transporterp.tests/bin/release/net10.0/transporterp.tests.dll" id="792590b0-6a41-bbbf-4f86-b8e5a7354a0f">
      <Execution id="dca0efe1-7546-48e9-a910-8f850a2e7191" />
      <TestMethod codeBase="/home/ubuntu/repo_review/TransportERP/TransportERP.Tests/bin/Release/net10.0/TransportERP.Tests.dll" adapterTypeName="executor://xunit/VsTestRunner3/netcore/" className="TransportERP.Tests.P1ContractConformanceTests" name="P1_contracts_do_not_claim_provider_specific_schema_or_migrations" />
    </UnitTest>
    <UnitTest name="TransportERP.Tests.P1InMemoryBaselineBehaviorTests.Journal_client_operation_is_idempotent" storage="/home/ubuntu/repo_review/transporterp/transporterp.tests/bin/release/net10.0/transporterp.tests.dll" id="fc77d43b-3d29-4769-3e9f-8fd76c907f40">
      <Execution id="144d65fa-f555-4e9b-8595-cac956e3adff" />
      <TestMethod codeBase="/home/ubuntu/repo_review/TransportERP/TransportERP.Tests/bin/Release/net10.0/TransportERP.Tests.dll" adapterTypeName="executor://xunit/VsTestRunner3/netcore/" className="TransportERP.Tests.P1InMemoryBaselineBehaviorTests" name="Journal_client_operation_is_idempotent" />
    </UnitTest>
    <UnitTest name="TransportERP.Tests.P1ContractConformanceTests.Sync_contract_has_required_conflict_and_retry_controls" storage="/home/ubuntu/repo_review/transporterp/transporterp.tests/bin/release/net10.0/transporterp.tests.dll" id="6fe71e73-c831-578f-49e1-88ec320f8689">
      <Execution id="596a8e07-16dc-449b-bd98-27f7352c7512" />
      <TestMethod codeBase="/home/ubuntu/repo_review/TransportERP/TransportERP.Tests/bin/Release/net10.0/TransportERP.Tests.dll" adapterTypeName="executor://xunit/VsTestRunner3/netcore/" className="TransportERP.Tests.P1ContractConformanceTests" name="Sync_contract_has_required_conflict_and_retry_controls" />
    </UnitTest>
  </TestDefinitions>
  <TestEntries>
    <TestEntry testId="d3711f7e-dcc9-cc2a-3ae6-581d3b3acb8c" executionId="e54c53d0-d149-48a0-865b-ce240caa6f75" testListId="8c84fa94-04c1-424b-9868-57a2d4851a1d" />
    <TestEntry testId="86ac1ac0-2ac8-9a37-f0d9-d31178c91182" executionId="aec31187-2d69-4a21-b961-269ecf8287a8" testListId="8c84fa94-04c1-424b-9868-57a2d4851a1d" />
    <TestEntry testId="261ee141-5a92-565f-b9a4-93b864829f87" executionId="f520ec8d-ebe1-4ab0-88d2-2be6507ff58a" testListId="8c84fa94-04c1-424b-9868-57a2d4851a1d" />
    <TestEntry testId="05719f85-2cb7-0208-b098-58caf08a8600" executionId="f062a002-f20b-452a-aa28-28c45a7854ea" testListId="8c84fa94-04c1-424b-9868-57a2d4851a1d" />
    <TestEntry testId="f1de8439-b20b-47da-e677-130a7cfb84b1" executionId="5478cf87-cad7-47f9-a368-ad98f891daa5" testListId="8c84fa94-04c1-424b-9868-57a2d4851a1d" />
    <TestEntry testId="e64c4ce1-9ef5-4f80-5276-f9f95604a732" executionId="d7c94401-5d3a-4238-80f8-fe84223a719b" testListId="8c84fa94-04c1-424b-9868-57a2d4851a1d" />
    <TestEntry testId="6fe71e73-c831-578f-49e1-88ec320f8689" executionId="596a8e07-16dc-449b-bd98-27f7352c7512" testListId="8c84fa94-04c1-424b-9868-57a2d4851a1d" />
    <TestEntry testId="8e6f52ee-0420-706b-0ec2-b7f1a2a05431" executionId="8fb0008f-fbdc-4702-b233-fa76bfa1dffb" testListId="8c84fa94-04c1-424b-9868-57a2d4851a1d" />
    <TestEntry testId="4fd60a14-1d69-325b-57bc-baff3d0a02a7" executionId="4548c5ff-d566-4a6e-8924-7daf3c3bbc99" testListId="8c84fa94-04c1-424b-9868-57a2d4851a1d" />
    <TestEntry testId="f0f0fe3b-3372-c2fa-8f1d-9b7b551104b8" executionId="88852eef-02fa-4cd1-88cf-61d8db518cae" testListId="8c84fa94-04c1-424b-9868-57a2d4851a1d" />
    <TestEntry testId="3d56c7ea-536f-4dbd-7333-4cdd85bce3fb" executionId="7e44967f-abab-4a29-800c-d2a1945e2699" testListId="8c84fa94-04c1-424b-9868-57a2d4851a1d" />
    <TestEntry testId="792590b0-6a41-bbbf-4f86-b8e5a7354a0f" executionId="dca0efe1-7546-48e9-a910-8f850a2e7191" testListId="8c84fa94-04c1-424b-9868-57a2d4851a1d" />
    <TestEntry testId="fc77d43b-3d29-4769-3e9f-8fd76c907f40" executionId="144d65fa-f555-4e9b-8595-cac956e3adff" testListId="8c84fa94-04c1-424b-9868-57a2d4851a1d" />
  </TestEntries>
  <TestLists>
    <TestList name="Results Not in a List" id="8c84fa94-04c1-424b-9868-57a2d4851a1d" />
    <TestList name="All Loaded Results" id="19431567-8539-422a-85d7-44ee4e166bda" />
  </TestLists>
  <ResultSummary outcome="Completed">
    <Counters total="13" executed="13" passed="13" failed="0" error="0" timeout="0" aborted="0" inconclusive="0" passedButRunAborted="0" notRunnable="0" notExecuted="0" disconnected="0" warning="0" completed="0" inProgress="0" pending="0" />
    <Output>
      <StdOut>[xUnit.net 00:00:00.00] xUnit.net VSTest Adapter v3.1.4+50e68bbb8b (64-bit .NET 10.0.11)
[xUnit.net 00:00:00.07]   Discovering: TransportERP.Tests
[xUnit.net 00:00:00.11]   Discovered:  TransportERP.Tests
[xUnit.net 00:00:00.13]   Starting:    TransportERP.Tests
[xUnit.net 00:00:00.24]   Finished:    TransportERP.Tests
</StdOut>
    </Output>
  </ResultSummary>
</TestRun>