<?xml version="1.0" encoding="utf-8"?>
<TestRun id="821ec41e-9b7f-4bbb-b2a5-0ed821378a1a" name="@db71298c03d4 2026-08-19 00:14:41" xmlns="http://microsoft.com/schemas/VisualStudio/TeamTest/2010">
  <Times creation="2026-08-19T00:14:41.0553334+00:00" queuing="2026-08-19T00:14:41.0553334+00:00" start="2026-08-19T00:14:40.3382640+00:00" finish="2026-08-19T00:14:41.0983646+00:00" />
  <TestSettings name="default" id="fb5afe9f-5919-4169-bd50-a116445f2194">
    <Deployment runDeploymentRoot="_db71298c03d4_2026-08-19_00_14_41" />
  </TestSettings>
  <Results>
    <UnitTestResult executionId="ceca32bd-9da4-4eae-949b-d864b9cc2315" testId="e64c4ce1-9ef5-4f80-5276-f9f95604a732" testName="TransportERP.Tests.P1InMemoryBaselineBehaviorTests.Journal_requires_balanced_lines_and_postable_accounts" computerName="db71298c03d4" duration="00:00:00.0005348" startTime="2026-08-19T00:14:41.0240711+00:00" endTime="2026-08-19T00:14:41.0241129+00:00" testType="13cdc9d9-ddb5-4fa4-a97d-d965ccfc6d4b" outcome="Passed" testListId="8c84fa94-04c1-424b-9868-57a2d4851a1d" relativeResultsDirectory="ceca32bd-9da4-4eae-949b-d864b9cc2315" />
    <UnitTestResult executionId="56b4df78-76d3-4f6f-b704-390a4218c758" testId="8e6f52ee-0420-706b-0ec2-b7f1a2a05431" testName="TransportERP.Tests.P1InMemoryBaselineBehaviorTests.Sync_accepts_first_operation_repeats_same_hash_and_flags_conflict" computerName="db71298c03d4" duration="00:00:00.0015077" startTime="2026-08-19T00:14:41.0243471+00:00" endTime="2026-08-19T00:14:41.0243942+00:00" testType="13cdc9d9-ddb5-4fa4-a97d-d965ccfc6d4b" outcome="Passed" testListId="8c84fa94-04c1-424b-9868-57a2d4851a1d" relativeResultsDirectory="56b4df78-76d3-4f6f-b704-390a4218c758" />
    <UnitTestResult executionId="4513dec4-1817-4b2b-a7a1-40517e0d641a" testId="6fe71e73-c831-578f-49e1-88ec320f8689" testName="TransportERP.Tests.P1ContractConformanceTests.Sync_contract_has_required_conflict_and_retry_controls" computerName="db71298c03d4" duration="00:00:00.0046382" startTime="2026-08-19T00:14:40.9559984+00:00" endTime="2026-08-19T00:14:40.9688009+00:00" testType="13cdc9d9-ddb5-4fa4-a97d-d965ccfc6d4b" outcome="Passed" testListId="8c84fa94-04c1-424b-9868-57a2d4851a1d" relativeResultsDirectory="4513dec4-1817-4b2b-a7a1-40517e0d641a" />
    <UnitTestResult executionId="691b3a70-e834-4801-bf96-3dab043a1de3" testId="86ac1ac0-2ac8-9a37-f0d9-d31178c91182" testName="TransportERP.Tests.P1ContractConformanceTests.W3_screens_have_contract_links_and_visual_assets" computerName="db71298c03d4" duration="00:00:00.0018078" startTime="2026-08-19T00:14:40.9854680+00:00" endTime="2026-08-19T00:14:40.9872838+00:00" testType="13cdc9d9-ddb5-4fa4-a97d-d965ccfc6d4b" outcome="Passed" testListId="8c84fa94-04c1-424b-9868-57a2d4851a1d" relativeResultsDirectory="691b3a70-e834-4801-bf96-3dab043a1de3" />
    <UnitTestResult executionId="87219e20-8972-4017-8652-da7506bfc7cd" testId="fc77d43b-3d29-4769-3e9f-8fd76c907f40" testName="TransportERP.Tests.P1InMemoryBaselineBehaviorTests.Journal_client_operation_is_idempotent" computerName="db71298c03d4" duration="00:00:00.0132339" startTime="2026-08-19T00:14:40.9540433+00:00" endTime="2026-08-19T00:14:40.9832976+00:00" testType="13cdc9d9-ddb5-4fa4-a97d-d965ccfc6d4b" outcome="Passed" testListId="8c84fa94-04c1-424b-9868-57a2d4851a1d" relativeResultsDirectory="87219e20-8972-4017-8652-da7506bfc7cd" />
    <UnitTestResult executionId="318c06e6-4d1d-4813-8eb6-e11fbb88115e" testId="0a608d76-7071-d058-5680-8f6809d4ee07" testName="TransportERP.Tests.P1InMemoryBaselineBehaviorTests.User_update_requires_matching_version_and_role_assignment_requires_existing_role" computerName="db71298c03d4" duration="00:00:00.0112982" startTime="2026-08-19T00:14:40.9844569+00:00" endTime="2026-08-19T00:14:40.9859872+00:00" testType="13cdc9d9-ddb5-4fa4-a97d-d965ccfc6d4b" outcome="Passed" testListId="8c84fa94-04c1-424b-9868-57a2d4851a1d" relativeResultsDirectory="318c06e6-4d1d-4813-8eb6-e11fbb88115e" />
    <UnitTestResult executionId="9be182d7-1f6d-493e-8071-a8dac90dc7b2" testId="261ee141-5a92-565f-b9a4-93b864829f87" testName="TransportERP.Tests.P1InMemoryBaselineBehaviorTests.Voucher_rejects_non_positive_amount_and_duplicate_reference" computerName="db71298c03d4" duration="00:00:00.0014099" startTime="2026-08-19T00:14:40.9861190+00:00" endTime="2026-08-19T00:14:40.9875505+00:00" testType="13cdc9d9-ddb5-4fa4-a97d-d965ccfc6d4b" outcome="Passed" testListId="8c84fa94-04c1-424b-9868-57a2d4851a1d" relativeResultsDirectory="9be182d7-1f6d-493e-8071-a8dac90dc7b2" />
    <UnitTestResult executionId="d86631b8-d4d0-43a4-b7a6-3dc8201fd6e1" testId="4fd60a14-1d69-325b-57bc-baff3d0a02a7" testName="TransportERP.Tests.P1ContractConformanceTests.W1_contracts_have_required_data_and_scope_fields" computerName="db71298c03d4" duration="00:00:00.0032649" startTime="2026-08-19T00:14:40.9874963+00:00" endTime="2026-08-19T00:14:41.0223668+00:00" testType="13cdc9d9-ddb5-4fa4-a97d-d965ccfc6d4b" outcome="Passed" testListId="8c84fa94-04c1-424b-9868-57a2d4851a1d" relativeResultsDirectory="d86631b8-d4d0-43a4-b7a6-3dc8201fd6e1" />
    <UnitTestResult executionId="739712f7-d1f6-47c0-b095-767aa2adbaec" testId="3d56c7ea-536f-4dbd-7333-4cdd85bce3fb" testName="TransportERP.Tests.P1InMemoryBaselineBehaviorTests.Closing_period_with_draft_journal_is_blocked" computerName="db71298c03d4" duration="00:00:00.0010699" startTime="2026-08-19T00:14:41.0238084+00:00" endTime="2026-08-19T00:14:41.0238555+00:00" testType="13cdc9d9-ddb5-4fa4-a97d-d965ccfc6d4b" outcome="Passed" testListId="8c84fa94-04c1-424b-9868-57a2d4851a1d" relativeResultsDirectory="739712f7-d1f6-47c0-b095-767aa2adbaec" />
    <UnitTestResult executionId="95ddc35d-aa6d-43da-be30-138ae1912c59" testId="f0f0fe3b-3372-c2fa-8f1d-9b7b551104b8" testName="TransportERP.Tests.P1InMemoryBaselineBehaviorTests.Authenticate_creates_scoped_session_and_audit_event" computerName="db71298c03d4" duration="00:00:00.0013718" startTime="2026-08-19T00:14:41.0242226+00:00" endTime="2026-08-19T00:14:41.0242608+00:00" testType="13cdc9d9-ddb5-4fa4-a97d-d965ccfc6d4b" outcome="Passed" testListId="8c84fa94-04c1-424b-9868-57a2d4851a1d" relativeResultsDirectory="95ddc35d-aa6d-43da-be30-138ae1912c59" />
    <UnitTestResult executionId="321dec8d-0bf3-4308-8145-082e3caa9fc9" testId="792590b0-6a41-bbbf-4f86-b8e5a7354a0f" testName="TransportERP.Tests.P1ContractConformanceTests.P1_contracts_do_not_claim_provider_specific_schema_or_migrations" computerName="db71298c03d4" duration="00:00:00.0024260" startTime="2026-08-19T00:14:40.9850655+00:00" endTime="2026-08-19T00:14:40.9853030+00:00" testType="13cdc9d9-ddb5-4fa4-a97d-d965ccfc6d4b" outcome="Passed" testListId="8c84fa94-04c1-424b-9868-57a2d4851a1d" relativeResultsDirectory="321dec8d-0bf3-4308-8145-082e3caa9fc9" />
    <UnitTestResult executionId="115b7af1-d968-4572-a473-10ce18fc62bc" testId="d3711f7e-dcc9-cc2a-3ae6-581d3b3acb8c" testName="TransportERP.Tests.P1InMemoryBaselineBehaviorTests.Posted_journal_is_immutable_until_reversal" computerName="db71298c03d4" duration="00:00:00.0071311" startTime="2026-08-19T00:14:41.0223177+00:00" endTime="2026-08-19T00:14:41.0236114+00:00" testType="13cdc9d9-ddb5-4fa4-a97d-d965ccfc6d4b" outcome="Passed" testListId="8c84fa94-04c1-424b-9868-57a2d4851a1d" relativeResultsDirectory="115b7af1-d968-4572-a473-10ce18fc62bc" />
    <UnitTestResult executionId="07acc718-3f22-4459-82cf-465b38ea04df" testId="7e2e2972-9d36-5e2a-4629-30afac7f2794" testName="TransportERP.Tests.P1InMemoryBaselineBehaviorTests.Settings_support_global_and_company_or_branch_scope_and_reject_invalid_scope" computerName="db71298c03d4" duration="00:00:00.0012264" startTime="2026-08-19T00:14:41.0217792+00:00" endTime="2026-08-19T00:14:41.0218651+00:00" testType="13cdc9d9-ddb5-4fa4-a97d-d965ccfc6d4b" outcome="Passed" testListId="8c84fa94-04c1-424b-9868-57a2d4851a1d" relativeResultsDirectory="07acc718-3f22-4459-82cf-465b38ea04df" />
    <UnitTestResult executionId="e10c793d-c99e-48c9-a7f8-f720e7c2b739" testId="05719f85-2cb7-0208-b098-58caf08a8600" testName="TransportERP.Tests.P1ContractConformanceTests.W2_actions_have_routes_state_and_offline_policy" computerName="db71298c03d4" duration="00:00:00.0084253" startTime="2026-08-19T00:14:40.9832082+00:00" endTime="2026-08-19T00:14:40.9846397+00:00" testType="13cdc9d9-ddb5-4fa4-a97d-d965ccfc6d4b" outcome="Passed" testListId="8c84fa94-04c1-424b-9868-57a2d4851a1d" relativeResultsDirectory="e10c793d-c99e-48c9-a7f8-f720e7c2b739" />
    <UnitTestResult executionId="b2ed1739-e4d3-48f6-937b-fb8edd48e3ac" testId="f1de8439-b20b-47da-e677-130a7cfb84b1" testName="TransportERP.Tests.P1ContractConformanceTests.Acceptance_register_contains_all_203_specified_cases" computerName="db71298c03d4" duration="00:00:00.0054039" startTime="2026-08-19T00:14:40.9848310+00:00" endTime="2026-08-19T00:14:40.9849344+00:00" testType="13cdc9d9-ddb5-4fa4-a97d-d965ccfc6d4b" outcome="Passed" testListId="8c84fa94-04c1-424b-9868-57a2d4851a1d" relativeResultsDirectory="b2ed1739-e4d3-48f6-937b-fb8edd48e3ac" />
  </Results>
  <TestDefinitions>
    <UnitTest name="TransportERP.Tests.P1ContractConformanceTests.W2_actions_have_routes_state_and_offline_policy" storage="/home/ubuntu/repo_review/transporterp/transporterp.tests/bin/release/net10.0/transporterp.tests.dll" id="05719f85-2cb7-0208-b098-58caf08a8600">
      <Execution id="e10c793d-c99e-48c9-a7f8-f720e7c2b739" />
      <TestMethod codeBase="/home/ubuntu/repo_review/TransportERP/TransportERP.Tests/bin/Release/net10.0/TransportERP.Tests.dll" adapterTypeName="executor://xunit/VsTestRunner3/netcore/" className="TransportERP.Tests.P1ContractConformanceTests" name="W2_actions_have_routes_state_and_offline_policy" />
    </UnitTest>
    <UnitTest name="TransportERP.Tests.P1ContractConformanceTests.W3_screens_have_contract_links_and_visual_assets" storage="/home/ubuntu/repo_review/transporterp/transporterp.tests/bin/release/net10.0/transporterp.tests.dll" id="86ac1ac0-2ac8-9a37-f0d9-d31178c91182">
      <Execution id="691b3a70-e834-4801-bf96-3dab043a1de3" />
      <TestMethod codeBase="/home/ubuntu/repo_review/TransportERP/TransportERP.Tests/bin/Release/net10.0/TransportERP.Tests.dll" adapterTypeName="executor://xunit/VsTestRunner3/netcore/" className="TransportERP.Tests.P1ContractConformanceTests" name="W3_screens_have_contract_links_and_visual_assets" />
    </UnitTest>
    <UnitTest name="TransportERP.Tests.P1InMemoryBaselineBehaviorTests.User_update_requires_matching_version_and_role_assignment_requires_existing_role" storage="/home/ubuntu/repo_review/transporterp/transporterp.tests/bin/release/net10.0/transporterp.tests.dll" id="0a608d76-7071-d058-5680-8f6809d4ee07">
      <Execution id="318c06e6-4d1d-4813-8eb6-e11fbb88115e" />
      <TestMethod codeBase="/home/ubuntu/repo_review/TransportERP/TransportERP.Tests/bin/Release/net10.0/TransportERP.Tests.dll" adapterTypeName="executor://xunit/VsTestRunner3/netcore/" className="TransportERP.Tests.P1InMemoryBaselineBehaviorTests" name="User_update_requires_matching_version_and_role_assignment_requires_existing_role" />
    </UnitTest>
    <UnitTest name="TransportERP.Tests.P1InMemoryBaselineBehaviorTests.Settings_support_global_and_company_or_branch_scope_and_reject_invalid_scope" storage="/home/ubuntu/repo_review/transporterp/transporterp.tests/bin/release/net10.0/transporterp.tests.dll" id="7e2e2972-9d36-5e2a-4629-30afac7f2794">
      <Execution id="07acc718-3f22-4459-82cf-465b38ea04df" />
      <TestMethod codeBase="/home/ubuntu/repo_review/TransportERP/TransportERP.Tests/bin/Release/net10.0/TransportERP.Tests.dll" adapterTypeName="executor://xunit/VsTestRunner3/netcore/" className="TransportERP.Tests.P1InMemoryBaselineBehaviorTests" name="Settings_support_global_and_company_or_branch_scope_and_reject_invalid_scope" />
    </UnitTest>
    <UnitTest name="TransportERP.Tests.P1InMemoryBaselineBehaviorTests.Sync_accepts_first_operation_repeats_same_hash_and_flags_conflict" storage="/home/ubuntu/repo_review/transporterp/transporterp.tests/bin/release/net10.0/transporterp.tests.dll" id="8e6f52ee-0420-706b-0ec2-b7f1a2a05431">
      <Execution id="56b4df78-76d3-4f6f-b704-390a4218c758" />
      <TestMethod codeBase="/home/ubuntu/repo_review/TransportERP/TransportERP.Tests/bin/Release/net10.0/TransportERP.Tests.dll" adapterTypeName="executor://xunit/VsTestRunner3/netcore/" className="TransportERP.Tests.P1InMemoryBaselineBehaviorTests" name="Sync_accepts_first_operation_repeats_same_hash_and_flags_conflict" />
    </UnitTest>
    <UnitTest name="TransportERP.Tests.P1InMemoryBaselineBehaviorTests.Posted_journal_is_immutable_until_reversal" storage="/home/ubuntu/repo_review/transporterp/transporterp.tests/bin/release/net10.0/transporterp.tests.dll" id="d3711f7e-dcc9-cc2a-3ae6-581d3b3acb8c">
      <Execution id="115b7af1-d968-4572-a473-10ce18fc62bc" />
      <TestMethod codeBase="/home/ubuntu/repo_review/TransportERP/TransportERP.Tests/bin/Release/net10.0/TransportERP.Tests.dll" adapterTypeName="executor://xunit/VsTestRunner3/netcore/" className="TransportERP.Tests.P1InMemoryBaselineBehaviorTests" name="Posted_journal_is_immutable_until_reversal" />
    </UnitTest>
    <UnitTest name="TransportERP.Tests.P1InMemoryBaselineBehaviorTests.Journal_requires_balanced_lines_and_postable_accounts" storage="/home/ubuntu/repo_review/transporterp/transporterp.tests/bin/release/net10.0/transporterp.tests.dll" id="e64c4ce1-9ef5-4f80-5276-f9f95604a732">
      <Execution id="ceca32bd-9da4-4eae-949b-d864b9cc2315" />
      <TestMethod codeBase="/home/ubuntu/repo_review/TransportERP/TransportERP.Tests/bin/Release/net10.0/TransportERP.Tests.dll" adapterTypeName="executor://xunit/VsTestRunner3/netcore/" className="TransportERP.Tests.P1InMemoryBaselineBehaviorTests" name="Journal_requires_balanced_lines_and_postable_accounts" />
    </UnitTest>
    <UnitTest name="TransportERP.Tests.P1ContractConformanceTests.W1_contracts_have_required_data_and_scope_fields" storage="/home/ubuntu/repo_review/transporterp/transporterp.tests/bin/release/net10.0/transporterp.tests.dll" id="4fd60a14-1d69-325b-57bc-baff3d0a02a7">
      <Execution id="d86631b8-d4d0-43a4-b7a6-3dc8201fd6e1" />
      <TestMethod codeBase="/home/ubuntu/repo_review/TransportERP/TransportERP.Tests/bin/Release/net10.0/TransportERP.Tests.dll" adapterTypeName="executor://xunit/VsTestRunner3/netcore/" className="TransportERP.Tests.P1ContractConformanceTests" name="W1_contracts_have_required_data_and_scope_fields" />
    </UnitTest>
    <UnitTest name="TransportERP.Tests.P1InMemoryBaselineBehaviorTests.Authenticate_creates_scoped_session_and_audit_event" storage="/home/ubuntu/repo_review/transporterp/transporterp.tests/bin/release/net10.0/transporterp.tests.dll" id="f0f0fe3b-3372-c2fa-8f1d-9b7b551104b8">
      <Execution id="95ddc35d-aa6d-43da-be30-138ae1912c59" />
      <TestMethod codeBase="/home/ubuntu/repo_review/TransportERP/TransportERP.Tests/bin/Release/net10.0/TransportERP.Tests.dll" adapterTypeName="executor://xunit/VsTestRunner3/netcore/" className="TransportERP.Tests.P1InMemoryBaselineBehaviorTests" name="Authenticate_creates_scoped_session_and_audit_event" />
    </UnitTest>
    <UnitTest name="TransportERP.Tests.P1InMemoryBaselineBehaviorTests.Closing_period_with_draft_journal_is_blocked" storage="/home/ubuntu/repo_review/transporterp/transporterp.tests/bin/release/net10.0/transporterp.tests.dll" id="3d56c7ea-536f-4dbd-7333-4cdd85bce3fb">
      <Execution id="739712f7-d1f6-47c0-b095-767aa2adbaec" />
      <TestMethod codeBase="/home/ubuntu/repo_review/TransportERP/TransportERP.Tests/bin/Release/net10.0/TransportERP.Tests.dll" adapterTypeName="executor://xunit/VsTestRunner3/netcore/" className="TransportERP.Tests.P1InMemoryBaselineBehaviorTests" name="Closing_period_with_draft_journal_is_blocked" />
    </UnitTest>
    <UnitTest name="TransportERP.Tests.P1InMemoryBaselineBehaviorTests.Voucher_rejects_non_positive_amount_and_duplicate_reference" storage="/home/ubuntu/repo_review/transporterp/transporterp.tests/bin/release/net10.0/transporterp.tests.dll" id="261ee141-5a92-565f-b9a4-93b864829f87">
      <Execution id="9be182d7-1f6d-493e-8071-a8dac90dc7b2" />
      <TestMethod codeBase="/home/ubuntu/repo_review/TransportERP/TransportERP.Tests/bin/Release/net10.0/TransportERP.Tests.dll" adapterTypeName="executor://xunit/VsTestRunner3/netcore/" className="TransportERP.Tests.P1InMemoryBaselineBehaviorTests" name="Voucher_rejects_non_positive_amount_and_duplicate_reference" />
    </UnitTest>
    <UnitTest name="TransportERP.Tests.P1ContractConformanceTests.Acceptance_register_contains_all_203_specified_cases" storage="/home/ubuntu/repo_review/transporterp/transporterp.tests/bin/release/net10.0/transporterp.tests.dll" id="f1de8439-b20b-47da-e677-130a7cfb84b1">
      <Execution id="b2ed1739-e4d3-48f6-937b-fb8edd48e3ac" />
      <TestMethod codeBase="/home/ubuntu/repo_review/TransportERP/TransportERP.Tests/bin/Release/net10.0/TransportERP.Tests.dll" adapterTypeName="executor://xunit/VsTestRunner3/netcore/" className="TransportERP.Tests.P1ContractConformanceTests" name="Acceptance_register_contains_all_203_specified_cases" />
    </UnitTest>
    <UnitTest name="TransportERP.Tests.P1ContractConformanceTests.P1_contracts_do_not_claim_provider_specific_schema_or_migrations" storage="/home/ubuntu/repo_review/transporterp/transporterp.tests/bin/release/net10.0/transporterp.tests.dll" id="792590b0-6a41-bbbf-4f86-b8e5a7354a0f">
      <Execution id="321dec8d-0bf3-4308-8145-082e3caa9fc9" />
      <TestMethod codeBase="/home/ubuntu/repo_review/TransportERP/TransportERP.Tests/bin/Release/net10.0/TransportERP.Tests.dll" adapterTypeName="executor://xunit/VsTestRunner3/netcore/" className="TransportERP.Tests.P1ContractConformanceTests" name="P1_contracts_do_not_claim_provider_specific_schema_or_migrations" />
    </UnitTest>
    <UnitTest name="TransportERP.Tests.P1InMemoryBaselineBehaviorTests.Journal_client_operation_is_idempotent" storage="/home/ubuntu/repo_review/transporterp/transporterp.tests/bin/release/net10.0/transporterp.tests.dll" id="fc77d43b-3d29-4769-3e9f-8fd76c907f40">
      <Execution id="87219e20-8972-4017-8652-da7506bfc7cd" />
      <TestMethod codeBase="/home/ubuntu/repo_review/TransportERP/TransportERP.Tests/bin/Release/net10.0/TransportERP.Tests.dll" adapterTypeName="executor://xunit/VsTestRunner3/netcore/" className="TransportERP.Tests.P1InMemoryBaselineBehaviorTests" name="Journal_client_operation_is_idempotent" />
    </UnitTest>
    <UnitTest name="TransportERP.Tests.P1ContractConformanceTests.Sync_contract_has_required_conflict_and_retry_controls" storage="/home/ubuntu/repo_review/transporterp/transporterp.tests/bin/release/net10.0/transporterp.tests.dll" id="6fe71e73-c831-578f-49e1-88ec320f8689">
      <Execution id="4513dec4-1817-4b2b-a7a1-40517e0d641a" />
      <TestMethod codeBase="/home/ubuntu/repo_review/TransportERP/TransportERP.Tests/bin/Release/net10.0/TransportERP.Tests.dll" adapterTypeName="executor://xunit/VsTestRunner3/netcore/" className="TransportERP.Tests.P1ContractConformanceTests" name="Sync_contract_has_required_conflict_and_retry_controls" />
    </UnitTest>
  </TestDefinitions>
  <TestEntries>
    <TestEntry testId="e64c4ce1-9ef5-4f80-5276-f9f95604a732" executionId="ceca32bd-9da4-4eae-949b-d864b9cc2315" testListId="8c84fa94-04c1-424b-9868-57a2d4851a1d" />
    <TestEntry testId="8e6f52ee-0420-706b-0ec2-b7f1a2a05431" executionId="56b4df78-76d3-4f6f-b704-390a4218c758" testListId="8c84fa94-04c1-424b-9868-57a2d4851a1d" />
    <TestEntry testId="6fe71e73-c831-578f-49e1-88ec320f8689" executionId="4513dec4-1817-4b2b-a7a1-40517e0d641a" testListId="8c84fa94-04c1-424b-9868-57a2d4851a1d" />
    <TestEntry testId="86ac1ac0-2ac8-9a37-f0d9-d31178c91182" executionId="691b3a70-e834-4801-bf96-3dab043a1de3" testListId="8c84fa94-04c1-424b-9868-57a2d4851a1d" />
    <TestEntry testId="fc77d43b-3d29-4769-3e9f-8fd76c907f40" executionId="87219e20-8972-4017-8652-da7506bfc7cd" testListId="8c84fa94-04c1-424b-9868-57a2d4851a1d" />
    <TestEntry testId="0a608d76-7071-d058-5680-8f6809d4ee07" executionId="318c06e6-4d1d-4813-8eb6-e11fbb88115e" testListId="8c84fa94-04c1-424b-9868-57a2d4851a1d" />
    <TestEntry testId="261ee141-5a92-565f-b9a4-93b864829f87" executionId="9be182d7-1f6d-493e-8071-a8dac90dc7b2" testListId="8c84fa94-04c1-424b-9868-57a2d4851a1d" />
    <TestEntry testId="4fd60a14-1d69-325b-57bc-baff3d0a02a7" executionId="d86631b8-d4d0-43a4-b7a6-3dc8201fd6e1" testListId="8c84fa94-04c1-424b-9868-57a2d4851a1d" />
    <TestEntry testId="3d56c7ea-536f-4dbd-7333-4cdd85bce3fb" executionId="739712f7-d1f6-47c0-b095-767aa2adbaec" testListId="8c84fa94-04c1-424b-9868-57a2d4851a1d" />
    <TestEntry testId="f0f0fe3b-3372-c2fa-8f1d-9b7b551104b8" executionId="95ddc35d-aa6d-43da-be30-138ae1912c59" testListId="8c84fa94-04c1-424b-9868-57a2d4851a1d" />
    <TestEntry testId="792590b0-6a41-bbbf-4f86-b8e5a7354a0f" executionId="321dec8d-0bf3-4308-8145-082e3caa9fc9" testListId="8c84fa94-04c1-424b-9868-57a2d4851a1d" />
    <TestEntry testId="d3711f7e-dcc9-cc2a-3ae6-581d3b3acb8c" executionId="115b7af1-d968-4572-a473-10ce18fc62bc" testListId="8c84fa94-04c1-424b-9868-57a2d4851a1d" />
    <TestEntry testId="7e2e2972-9d36-5e2a-4629-30afac7f2794" executionId="07acc718-3f22-4459-82cf-465b38ea04df" testListId="8c84fa94-04c1-424b-9868-57a2d4851a1d" />
    <TestEntry testId="05719f85-2cb7-0208-b098-58caf08a8600" executionId="e10c793d-c99e-48c9-a7f8-f720e7c2b739" testListId="8c84fa94-04c1-424b-9868-57a2d4851a1d" />
    <TestEntry testId="f1de8439-b20b-47da-e677-130a7cfb84b1" executionId="b2ed1739-e4d3-48f6-937b-fb8edd48e3ac" testListId="8c84fa94-04c1-424b-9868-57a2d4851a1d" />
  </TestEntries>
  <TestLists>
    <TestList name="Results Not in a List" id="8c84fa94-04c1-424b-9868-57a2d4851a1d" />
    <TestList name="All Loaded Results" id="19431567-8539-422a-85d7-44ee4e166bda" />
  </TestLists>
  <ResultSummary outcome="Completed">
    <Counters total="15" executed="15" passed="15" failed="0" error="0" timeout="0" aborted="0" inconclusive="0" passedButRunAborted="0" notRunnable="0" notExecuted="0" disconnected="0" warning="0" completed="0" inProgress="0" pending="0" />
    <Output>
      <StdOut>[xUnit.net 00:00:00.00] xUnit.net VSTest Adapter v3.1.4+50e68bbb8b (64-bit .NET 10.0.11)
[xUnit.net 00:00:00.08]   Discovering: TransportERP.Tests
[xUnit.net 00:00:00.13]   Discovered:  TransportERP.Tests
[xUnit.net 00:00:00.15]   Starting:    TransportERP.Tests
[xUnit.net 00:00:00.26]   Finished:    TransportERP.Tests
</StdOut>
    </Output>
  </ResultSummary>
</TestRun>